//
// Generated file to implement the V0S113_JOB_1_RUN_ONCE_BANK_BRANCH_To_GEO_AREA_Transformer transform operator.
//

// define our input/output link names
inputname 0 DSLink83;
outputname 0 DSLink114;

initialize {
 // define our control variables
 int8 RowRejected0;
 int8 NullSetVar0;

 // declare our intermediate variables for this section (1)
 ustring InterVar0_0;
 ustring InterVar0_1;

 // initialise constant values which require conversion
 InterVar0_0 = "United States of America";
 InterVar0_1 = "USA";
}

mainloop {

 // initialise the rejected row variable
 RowRejected0 = 1;

 // evaluate columns (no constraints) for link: DSLink114
 DSLink114.GEOGRAPHY_DIM_ID = DSLink83.ZIP_CODE;
 DSLink114.CITY_CODE = DSLink83.CITY;
 DSLink114.COUNTRY = InterVar0_0;
 DSLink114.COUNTRY_CODE = InterVar0_1;
 DSLink114.COUNTY = set_null();
 DSLink114.COUNTY_CODE = set_null();
 DSLink114.MSA_CODE = set_null();
 DSLink114.MSA_NAME = set_null();
 DSLink114.STATE_CODE = DSLink83.STATE_CODE;
 writerecord 0;
 RowRejected0 = 0;
}

finish {
}
