//
// Generated file to implement the V0S104_JOB_1_RUN_ONCE_BANK_BRANCH_To_GEO_AREA_Transformer transform operator.
//

// define our input/output link names
inputname 0 DSLink103;
outputname 0 DSLink106;

initialize {
 // define our control variables
 int8 RowRejected0;
 int8 NullSetVar0;

}

mainloop {

 // initialise the rejected row variable
 RowRejected0 = 1;

 // evaluate constraint and columns for link: DSLink106
 if ((DSLink103.GEO_AREA_ID == 0))
 {
  DSLink106.STATE_CODE = DSLink103.STATE;
  writerecord 0;
  RowRejected0 = 0;
 }
}

finish {
}
