//
// Generated file to implement the V0S100_JOB_1_RUN_ONCE_BANK_BRANCH_To_GEO_AREA_Transformer transform operator.
//

// define our input/output link names
inputname 0 Link_BANK_BRANCH;
outputname 0 DSLink101;

initialize {
 // define our control variables
 int8 RowRejected0;
 int8 NullSetVar0;

}

mainloop {

 // initialise the rejected row variable
 RowRejected0 = 1;

 // evaluate columns (no constraints) for link: DSLink101
 DSLink101.CITY = u_trim_leading_trailing(Link_BANK_BRANCH.BRANCH_CITY);
 DSLink101.STATE = Link_BANK_BRANCH.BRANCH_STATE;
 DSLink101.ZIP_CODE = Link_BANK_BRANCH.BRANCH_ZIP;
 writerecord 0;
 RowRejected0 = 0;
}

finish {
}
